<?xml version="1.0" encoding="UTF-8"?>
<!-- Generated by org.testng.reporters.JUnitReportReporter -->
<testsuite hostname="LTIN388467" failures="0" tests="5" name="test.SubmitFormTest" time="77.580" errors="0" timestamp="2023-11-14T13:05:27 IST" skipped="0">
  <testcase classname="test.SubmitFormTest" name="signIn" time="15.069"/>
  <testcase classname="test.SubmitFormTest" name="navigateToSignin" time="30.992"/>
  <testcase classname="test.SubmitFormTest" name="navigateToHomepage" time="0.527"/>
  <testcase classname="test.SubmitFormTest" name="clickConsultation" time="14.958"/>
  <testcase classname="test.SubmitFormTest" name="fillForm" time="16.034"/>
</testsuite> <!-- test.SubmitFormTest -->
